######################################################################################################################################################
    2024-05-15T16:22:28.783Z - filter  *******************************************************************************************************************
    ******************************************************************************************************************************************************
    Body   :  ********************************************************************************************************************************************
    {
      "input": {
        "0": {
          "_id": "6644ccdd82078c185c02dec6",
          "role": "manager",
          "createdAt": "2024-05-15T14:55:26.179Z",
          "updatedAt": "2024-05-15T14:55:26.179Z",
          "username": "manager",
          "password": "$2a$10$6499t5Plxr5dMGlSNBxByuDzmbDGHC9Xqbx9xiCuO0FuNLrlBDTz.",
          "__v": 0
        },
        "1": [
          "_id",
          "email",
          "role",
          "fullname"
        ]
      },
      "output": {
        "_id": "6644ccdd82078c185c02dec6",
        "role": "manager"
      }
    }
    ######################################################################################################################################################
    ######################################################################################################################################################
    2024-05-15T16:23:18.294Z - filter  *******************************************************************************************************************
    ******************************************************************************************************************************************************
    Body   :  ********************************************************************************************************************************************
    {
      "input": {
        "0": {
          "_id": "6644ccdd82078c185c02dec6",
          "role": "manager",
          "iat": 1715790148,
          "exp": 1715793748
        },
        "1": [
          "_id",
          "email",
          "role",
          "fullname"
        ]
      },
      "output": {
        "_id": "6644ccdd82078c185c02dec6",
        "role": "manager"
      }
    }
    ######################################################################################################################################################
    ######################################################################################################################################################
    2024-05-15T16:23:18.298Z - getIdFromPath  ************************************************************************************************************
    ******************************************************************************************************************************************************
    Body   :  ********************************************************************************************************************************************
    {
      "input": {
        "0": "/v1/products/import"
      },
      "output": null
    }
    ######################################################################################################################################################
    ######################################################################################################################################################
    2024-05-15T16:23:18.299Z - isVersionGiven  ***********************************************************************************************************
    ******************************************************************************************************************************************************
    Body   :  ********************************************************************************************************************************************
    {
      "input": {
        "0": "/v1/products/import"
      },
      "output": true
    }
    ######################################################################################################################################################
    ######################################################################################################################################################
    2024-05-15T16:23:18.299Z - getActionFromPath  ********************************************************************************************************
    ******************************************************************************************************************************************************
    Body   :  ********************************************************************************************************************************************
    {
      "input": {
        "0": "/v1/products/import"
      },
      "output": "import"
    }
    ######################################################################################################################################################
    ######################################################################################################################################################
    2024-05-15T16:23:18.300Z - getResourceFromPath  ******************************************************************************************************
    ******************************************************************************************************************************************************
    Body   :  ********************************************************************************************************************************************
    {
      "input": {
        "0": "/v1/products/import"
      },
      "output": "products"
    }
    ######################################################################################################################################################
    ######################################################################################################################################################
    2024-05-15T16:23:18.301Z - getSmartApiAction  ********************************************************************************************************
    ******************************************************************************************************************************************************
    Body   :  ********************************************************************************************************************************************
    {
      "input": {
        "0": "POST",
        "1": "import",
        "3": {},
        "4": {}
      },
      "output": "import"
    }
    ######################################################################################################################################################
    ######################################################################################################################################################
    2024-05-15T16:23:18.303Z - getReqQuery  **************************************************************************************************************
    ******************************************************************************************************************************************************
    Body   :  ********************************************************************************************************************************************
    {
      "input": {}
    }
    ######################################################################################################################################################
    ######################################################################################################################################################
    2024-05-15T16:23:18.300Z - isVersionGiven  ***********************************************************************************************************
    ******************************************************************************************************************************************************
    Body   :  ********************************************************************************************************************************************
    {
      "input": {
        "0": "/v1/products/import"
      },
      "output": true
    }
    ######################################################################################################################################################
    ######################################################################################################################################################
    2024-05-15T16:23:18.304Z - getReqParams  *************************************************************************************************************
    ******************************************************************************************************************************************************
    Body   :  ********************************************************************************************************************************************
    {
      "input": {
        "0": "POST",
        "1": "/v1/products/import",
        "2": {},
        "3": {}
      },
      "output": {
        "action": "import",
        "ressourceName": "products",
        "isImmode": true
      }
    }
    ######################################################################################################################################################
    ######################################################################################################################################################
    2024-05-15T16:23:19.404Z - Config middleware: config:  ***********************************************************************************************
    ******************************************************************************************************************************************************
    Body   :  ********************************************************************************************************************************************
    {
      "enabled": false,
      "allowedFields": [
        "_id",
        "name",
        "price",
        "description",
        "image",
        "quantity",
        "createdAt",
        "updatedAt"
      ]
    }
    ######################################################################################################################################################
    ######################################################################################################################################################
    2024-05-15T16:23:18.304Z - reqMiddleware: req.smartApi.params:  **************************************************************************************
    ******************************************************************************************************************************************************
    Body   :  ********************************************************************************************************************************************
    {
      "action": "import",
      "ressourceName": "products",
      "isImmode": true
    }
    ######################################################################################################################################################
    ######################################################################################################################################################
    2024-05-15T16:23:19.409Z - throwError  ***************************************************************************************************************
    ******************************************************************************************************************************************************
    Body   :  ********************************************************************************************************************************************
    {
      "input": {
        "0": "Not authorized : you can't access products with action import",
        "1": "SMART_API_NOT_ENABLED",
        "2": 401
      },
      "error": {
        "status": 401,
        "code": "SMART_API_NOT_ENABLED"
      }
    }
    ######################################################################################################################################################
    ######################################################################################################################################################
    2024-05-15T16:23:18.302Z - getReqIds  ****************************************************************************************************************
    ******************************************************************************************************************************************************
    Body   :  ********************************************************************************************************************************************
    {
      "input": {},
      "output": null
    }
    ######################################################################################################################################################
    ######################################################################################################################################################
    2024-05-15T16:23:29.753Z - filter  *******************************************************************************************************************
    ******************************************************************************************************************************************************
    Body   :  ********************************************************************************************************************************************
    {
      "input": {
        "0": {
          "_id": "6644ccc682078c185c02dec3",
          "role": "admin",
          "createdAt": "2024-05-15T14:55:02.740Z",
          "updatedAt": "2024-05-15T14:55:02.740Z",
          "username": "admin",
          "password": "$2a$10$dCmY5Q3Z.PDO3TsLJWQL2ulh6h1tz/EG2smx1whhTWDijoxzIBiVK",
          "__v": 0
        },
        "1": [
          "_id",
          "email",
          "role",
          "fullname"
        ]
      },
      "output": {
        "_id": "6644ccc682078c185c02dec3",
        "role": "admin"
      }
    }
    ######################################################################################################################################################
    ######################################################################################################################################################
    2024-05-15T16:23:35.772Z - filter  *******************************************************************************************************************
    ******************************************************************************************************************************************************
    Body   :  ********************************************************************************************************************************************
    {
      "input": {
        "0": {
          "_id": "6644ccc682078c185c02dec3",
          "role": "admin",
          "iat": 1715790209,
          "exp": 1715793809
        },
        "1": [
          "_id",
          "email",
          "role",
          "fullname"
        ]
      },
      "output": {
        "_id": "6644ccc682078c185c02dec3",
        "role": "admin"
      }
    }
    ######################################################################################################################################################
    ######################################################################################################################################################
    2024-05-15T16:23:35.777Z - getIdFromPath  ************************************************************************************************************
    ******************************************************************************************************************************************************
    Body   :  ********************************************************************************************************************************************
    {
      "input": {
        "0": "/v1/products/import"
      },
      "output": null
    }
    ######################################################################################################################################################
    ######################################################################################################################################################
    2024-05-15T16:23:35.778Z - isVersionGiven  ***********************************************************************************************************
    ******************************************************************************************************************************************************
    Body   :  ********************************************************************************************************************************************
    {
      "input": {
        "0": "/v1/products/import"
      },
      "output": true
    }
    ######################################################################################################################################################
    ######################################################################################################################################################
    2024-05-15T16:23:35.779Z - getResourceFromPath  ******************************************************************************************************
    ******************************************************************************************************************************************************
    Body   :  ********************************************************************************************************************************************
    {
      "input": {
        "0": "/v1/products/import"
      },
      "output": "products"
    }
    ######################################################################################################################################################
    ######################################################################################################################################################
    2024-05-15T16:23:35.778Z - isVersionGiven  ***********************************************************************************************************
    ******************************************************************************************************************************************************
    Body   :  ********************************************************************************************************************************************
    {
      "input": {
        "0": "/v1/products/import"
      },
      "output": true
    }
    ######################################################################################################################################################
    ######################################################################################################################################################
    2024-05-15T16:23:35.780Z - getReqQuery  **************************************************************************************************************
    ******************************************************************************************************************************************************
    Body   :  ********************************************************************************************************************************************
    {
      "input": {}
    }
    ######################################################################################################################################################
    ######################################################################################################################################################
    2024-05-15T16:23:35.778Z - getActionFromPath  ********************************************************************************************************
    ******************************************************************************************************************************************************
    Body   :  ********************************************************************************************************************************************
    {
      "input": {
        "0": "/v1/products/import"
      },
      "output": "import"
    }
    ######################################################################################################################################################
    ######################################################################################################################################################
    2024-05-15T16:23:35.779Z - getSmartApiAction  ********************************************************************************************************
    ******************************************************************************************************************************************************
    Body   :  ********************************************************************************************************************************************
    {
      "input": {
        "0": "POST",
        "1": "import",
        "3": {},
        "4": {}
      },
      "output": "import"
    }
    ######################################################################################################################################################
    ######################################################################################################################################################
    2024-05-15T16:23:35.780Z - getReqParams  *************************************************************************************************************
    ******************************************************************************************************************************************************
    Body   :  ********************************************************************************************************************************************
    {
      "input": {
        "0": "POST",
        "1": "/v1/products/import",
        "2": {},
        "3": {}
      },
      "output": {
        "action": "import",
        "ressourceName": "products",
        "isImmode": true
      }
    }
    ######################################################################################################################################################
    ######################################################################################################################################################
    2024-05-15T16:23:35.779Z - getReqIds  ****************************************************************************************************************
    ******************************************************************************************************************************************************
    Body   :  ********************************************************************************************************************************************
    {
      "input": {},
      "output": null
    }
    ######################################################################################################################################################
    ######################################################################################################################################################
    2024-05-15T16:23:35.786Z - Config middleware: config:  ***********************************************************************************************
    ******************************************************************************************************************************************************
    Body   :  ********************************************************************************************************************************************
    {
      "enabled": true,
      "allowedFields": [
        "_id",
        "name",
        "price",
        "description",
        "image",
        "quantity",
        "createdAt",
        "updatedAt"
      ]
    }
    ######################################################################################################################################################
    ######################################################################################################################################################
    2024-05-15T16:23:35.780Z - reqMiddleware: req.smartApi.params:  **************************************************************************************
    ******************************************************************************************************************************************************
    Body   :  ********************************************************************************************************************************************
    {
      "action": "import",
      "ressourceName": "products",
      "isImmode": true
    }
    ######################################################################################################################################################
    ######################################################################################################################################################
    2024-05-15T16:23:40.131Z - fetchMiddleware: req.smartApi.dbData:  ************************************************************************************
    ******************************************************************************************************************************************************
    Body   :  ********************************************************************************************************************************************
    undefined
    ######################################################################################################################################################
    ######################################################################################################################################################
    2024-05-15T16:23:40.368Z - update Middleware - mustUpdate - action  **********************************************************************************
    ******************************************************************************************************************************************************
    Body   :  ********************************************************************************************************************************************
    createMany
    ######################################################################################################################################################
    ######################################################################################################################################################
    2024-05-15T16:23:40.371Z - fieldsFilterMiddleware.filterObjects  *************************************************************************************
    ******************************************************************************************************************************************************
    Body   :  ********************************************************************************************************************************************
    {
      "data": [
        {
          "name": "AirPods Wireless Bluetooth Headphones",
          "price": 89.99,
          "description": "Bluetooth technology lets you connect it with compatible devices wirelessly High-quality AAC audio offers an immersive listening experience Built-in microphone allows you to take calls while working",
          "image": "/images/airpods.jpg",
          "quantity": 10,
          "_id": "6644e18c5586ec2f422f4b57",
          "createdAt": "2024-05-15T16:23:40.160Z",
          "updatedAt": "2024-05-15T16:23:40.160Z",
          "__v": 0
        },
        {
          "name": "iPhone 11 Pro 256GB Memory",
          "price": 599.99,
          "description": "Introducing the iPhone 11 Pro. A transformative triple-camera system that adds tons of capability without complexity. An unprecedented leap in battery life",
          "image": "/images/phone.jpg",
          "quantity": 7,
          "_id": "6644e18c5586ec2f422f4b58",
          "createdAt": "2024-05-15T16:23:40.164Z",
          "updatedAt": "2024-05-15T16:23:40.164Z",
          "__v": 0
        },
        {
          "name": "Cannon EOS 80D DSLR Camera",
          "price": 929.99,
          "description": "Characterized by versatile imaging specs, the Canon EOS 80D further clarifies itself using a pair of robust focusing systems and an intuitive design",
          "image": "/images/camera.jpg",
          "quantity": 5,
          "_id": "6644e18c5586ec2f422f4b59",
          "createdAt": "2024-05-15T16:23:40.164Z",
          "updatedAt": "2024-05-15T16:23:40.164Z",
          "__v": 0
        },
        {
          "name": "Sony Playstation 4 Pro White Version",
          "price": 399.99,
          "description": "The ultimate home entertainment center starts with PlayStation. Whether you are into gaming, HD movies, television, music",
          "image": "/images/playstation.jpg",
          "quantity": 11,
          "_id": "6644e18c5586ec2f422f4b5a",
          "createdAt": "2024-05-15T16:23:40.165Z",
          "updatedAt": "2024-05-15T16:23:40.165Z",
          "__v": 0
        },
        {
          "name": "Logitech G-Series Gaming Mouse",
          "price": 49.99,
          "description": "Get a better handle on your games with this Logitech LIGHTSYNC gaming mouse. The six programmable buttons allow customization for a smooth playing experience",
          "image": "/images/mouse.jpg",
          "quantity": 7,
          "_id": "6644e18c5586ec2f422f4b5b",
          "createdAt": "2024-05-15T16:23:40.166Z",
          "updatedAt": "2024-05-15T16:23:40.166Z",
          "__v": 0
        },
        {
          "name": "Amazon Echo Dot 3rd Generation",
          "price": 29.99,
          "description": "Meet Echo Dot - Our most popular smart speaker with a fabric design. It is our most compact smart speaker that fits perfectly into small space",
          "image": "/images/alexa.jpg",
          "quantity": 0,
          "_id": "6644e18c5586ec2f422f4b5c",
          "createdAt": "2024-05-15T16:23:40.166Z",
          "updatedAt": "2024-05-15T16:23:40.166Z",
          "__v": 0
        }
      ],
      "fields": [
        "_id",
        "name",
        "price",
        "description",
        "image",
        "quantity",
        "createdAt",
        "updatedAt"
      ],
      "output": [
        {
          "name": "AirPods Wireless Bluetooth Headphones",
          "price": 89.99,
          "description": "Bluetooth technology lets you connect it with compatible devices wirelessly High-quality AAC audio offers an immersive listening experience Built-in microphone allows you to take calls while working",
          "image": "/images/airpods.jpg",
          "quantity": 10,
          "_id": "6644e18c5586ec2f422f4b57",
          "createdAt": "2024-05-15T16:23:40.160Z",
          "updatedAt": "2024-05-15T16:23:40.160Z"
        },
        {
          "name": "iPhone 11 Pro 256GB Memory",
          "price": 599.99,
          "description": "Introducing the iPhone 11 Pro. A transformative triple-camera system that adds tons of capability without complexity. An unprecedented leap in battery life",
          "image": "/images/phone.jpg",
          "quantity": 7,
          "_id": "6644e18c5586ec2f422f4b58",
          "createdAt": "2024-05-15T16:23:40.164Z",
          "updatedAt": "2024-05-15T16:23:40.164Z"
        },
        {
          "name": "Cannon EOS 80D DSLR Camera",
          "price": 929.99,
          "description": "Characterized by versatile imaging specs, the Canon EOS 80D further clarifies itself using a pair of robust focusing systems and an intuitive design",
          "image": "/images/camera.jpg",
          "quantity": 5,
          "_id": "6644e18c5586ec2f422f4b59",
          "createdAt": "2024-05-15T16:23:40.164Z",
          "updatedAt": "2024-05-15T16:23:40.164Z"
        },
        {
          "name": "Sony Playstation 4 Pro White Version",
          "price": 399.99,
          "description": "The ultimate home entertainment center starts with PlayStation. Whether you are into gaming, HD movies, television, music",
          "image": "/images/playstation.jpg",
          "quantity": 11,
          "_id": "6644e18c5586ec2f422f4b5a",
          "createdAt": "2024-05-15T16:23:40.165Z",
          "updatedAt": "2024-05-15T16:23:40.165Z"
        },
        {
          "name": "Logitech G-Series Gaming Mouse",
          "price": 49.99,
          "description": "Get a better handle on your games with this Logitech LIGHTSYNC gaming mouse. The six programmable buttons allow customization for a smooth playing experience",
          "image": "/images/mouse.jpg",
          "quantity": 7,
          "_id": "6644e18c5586ec2f422f4b5b",
          "createdAt": "2024-05-15T16:23:40.166Z",
          "updatedAt": "2024-05-15T16:23:40.166Z"
        },
        {
          "name": "Amazon Echo Dot 3rd Generation",
          "price": 29.99,
          "description": "Meet Echo Dot - Our most popular smart speaker with a fabric design. It is our most compact smart speaker that fits perfectly into small space",
          "image": "/images/alexa.jpg",
          "quantity": 0,
          "_id": "6644e18c5586ec2f422f4b5c",
          "createdAt": "2024-05-15T16:23:40.166Z",
          "updatedAt": "2024-05-15T16:23:40.166Z"
        }
      ]
    }
    ######################################################################################################################################################
    ######################################################################################################################################################
    2024-05-15T16:25:53.559Z - filter  *******************************************************************************************************************
    ******************************************************************************************************************************************************
    Body   :  ********************************************************************************************************************************************
    {
      "input": {
        "0": {
          "_id": "6644ccc682078c185c02dec3",
          "role": "admin",
          "iat": 1715790215,
          "exp": 1715793815
        },
        "1": [
          "_id",
          "email",
          "role",
          "fullname"
        ]
      },
      "output": {
        "_id": "6644ccc682078c185c02dec3",
        "role": "admin"
      }
    }
    ######################################################################################################################################################
    ######################################################################################################################################################
    2024-05-15T16:25:53.568Z - getIdFromPath  ************************************************************************************************************
    ******************************************************************************************************************************************************
    Body   :  ********************************************************************************************************************************************
    {
      "input": {
        "0": "/v1/products/"
      },
      "output": null
    }
    ######################################################################################################################################################
    ######################################################################################################################################################
    2024-05-15T16:25:53.569Z - isVersionGiven  ***********************************************************************************************************
    ******************************************************************************************************************************************************
    Body   :  ********************************************************************************************************************************************
    {
      "input": {
        "0": "/v1/products/"
      },
      "output": true
    }
    ######################################################################################################################################################
    ######################################################################################################################################################
    2024-05-15T16:25:53.570Z - isVersionGiven  ***********************************************************************************************************
    ******************************************************************************************************************************************************
    Body   :  ********************************************************************************************************************************************
    {
      "input": {
        "0": "/v1/products/"
      },
      "output": true
    }
    ######################################################################################################################################################
    ######################################################################################################################################################
    2024-05-15T16:25:53.569Z - getActionFromPath  ********************************************************************************************************
    ******************************************************************************************************************************************************
    Body   :  ********************************************************************************************************************************************
    {
      "input": {
        "0": "/v1/products/"
      },
      "output": null
    }
    ######################################################################################################################################################
    ######################################################################################################################################################
    2024-05-15T16:25:53.570Z - getResourceFromPath  ******************************************************************************************************
    ******************************************************************************************************************************************************
    Body   :  ********************************************************************************************************************************************
    {
      "input": {
        "0": "/v1/products/"
      },
      "output": "products"
    }
    ######################################################################################################################################################
    ######################################################################################################################################################
    2024-05-15T16:25:53.570Z - getActionMode  ************************************************************************************************************
    ******************************************************************************************************************************************************
    Body   :  ********************************************************************************************************************************************
    {
      "input": {},
      "output": "All"
    }
    ######################################################################################################################################################
    ######################################################################################################################################################
    2024-05-15T16:25:53.571Z - getSmartApiAction  ********************************************************************************************************
    ******************************************************************************************************************************************************
    Body   :  ********************************************************************************************************************************************
    {
      "input": {
        "0": "GET",
        "1": null,
        "3": {
          "export": "true"
        },
        "4": {}
      },
      "output": "getAll"
    }
    ######################################################################################################################################################
    ######################################################################################################################################################
    2024-05-15T16:25:53.571Z - getReqIds  ****************************************************************************************************************
    ******************************************************************************************************************************************************
    Body   :  ********************************************************************************************************************************************
    {
      "input": {},
      "output": null
    }
    ######################################################################################################################################################
    ######################################################################################################################################################
    2024-05-15T16:25:53.571Z - getReqQuery  **************************************************************************************************************
    ******************************************************************************************************************************************************
    Body   :  ********************************************************************************************************************************************
    {
      "input": {}
    }
    ######################################################################################################################################################
    ######################################################################################################################################################
    2024-05-15T16:25:53.572Z - getReqParams  *************************************************************************************************************
    ******************************************************************************************************************************************************
    Body   :  ********************************************************************************************************************************************
    {
      "input": {
        "0": "GET",
        "1": "/v1/products/",
        "2": {
          "export": "true"
        },
        "3": {}
      },
      "output": {
        "action": "getAll",
        "ressourceName": "products",
        "isExmode": true,
        "format": "excel"
      }
    }
    ######################################################################################################################################################
    ######################################################################################################################################################
    2024-05-15T16:25:53.572Z - reqMiddleware: req.smartApi.params:  **************************************************************************************
    ******************************************************************************************************************************************************
    Body   :  ********************************************************************************************************************************************
    {
      "action": "getAll",
      "ressourceName": "products",
      "isExmode": true,
      "format": "excel"
    }
    ######################################################################################################################################################
    ######################################################################################################################################################
    2024-05-15T16:25:53.582Z - Config middleware: config:  ***********************************************************************************************
    ******************************************************************************************************************************************************
    Body   :  ********************************************************************************************************************************************
    {
      "enabled": true,
      "allowedFields": [
        "_id",
        "name",
        "price",
        "description",
        "image",
        "quantity",
        "createdAt",
        "updatedAt"
      ]
    }
    ######################################################################################################################################################
    ######################################################################################################################################################
    2024-05-15T16:25:53.583Z - getFetchQuery  ************************************************************************************************************
    ******************************************************************************************************************************************************
    Body   :  ********************************************************************************************************************************************
    {
      "user": {
        "_id": "6644ccc682078c185c02dec3",
        "role": "admin"
      },
      "params": {
        "action": "getAll",
        "ressourceName": "products",
        "isExmode": true,
        "format": "excel"
      },
      "output": {}
    }
    ######################################################################################################################################################
    ######################################################################################################################################################
    2024-05-15T16:25:53.757Z - fetchMiddleware: req.smartApi.dbData:  ************************************************************************************
    ******************************************************************************************************************************************************
    Body   :  ********************************************************************************************************************************************
    [
      {
        "_id": "6644e18c5586ec2f422f4b57",
        "name": "AirPods Wireless Bluetooth Headphones",
        "price": 89.99,
        "description": "Bluetooth technology lets you connect it with compatible devices wirelessly High-quality AAC audio offers an immersive listening experience Built-in microphone allows you to take calls while working",
        "image": "/images/airpods.jpg",
        "quantity": 10,
        "createdAt": "2024-05-15T16:23:40.160Z",
        "updatedAt": "2024-05-15T16:23:40.160Z",
        "__v": 0
      },
      {
        "_id": "6644e18c5586ec2f422f4b58",
        "name": "iPhone 11 Pro 256GB Memory",
        "price": 599.99,
        "description": "Introducing the iPhone 11 Pro. A transformative triple-camera system that adds tons of capability without complexity. An unprecedented leap in battery life",
        "image": "/images/phone.jpg",
        "quantity": 7,
        "createdAt": "2024-05-15T16:23:40.164Z",
        "updatedAt": "2024-05-15T16:23:40.164Z",
        "__v": 0
      },
      {
        "_id": "6644e18c5586ec2f422f4b59",
        "name": "Cannon EOS 80D DSLR Camera",
        "price": 929.99,
        "description": "Characterized by versatile imaging specs, the Canon EOS 80D further clarifies itself using a pair of robust focusing systems and an intuitive design",
        "image": "/images/camera.jpg",
        "quantity": 5,
        "createdAt": "2024-05-15T16:23:40.164Z",
        "updatedAt": "2024-05-15T16:23:40.164Z",
        "__v": 0
      },
      {
        "_id": "6644e18c5586ec2f422f4b5a",
        "name": "Sony Playstation 4 Pro White Version",
        "price": 399.99,
        "description": "The ultimate home entertainment center starts with PlayStation. Whether you are into gaming, HD movies, television, music",
        "image": "/images/playstation.jpg",
        "quantity": 11,
        "createdAt": "2024-05-15T16:23:40.165Z",
        "updatedAt": "2024-05-15T16:23:40.165Z",
        "__v": 0
      },
      {
        "_id": "6644e18c5586ec2f422f4b5b",
        "name": "Logitech G-Series Gaming Mouse",
        "price": 49.99,
        "description": "Get a better handle on your games with this Logitech LIGHTSYNC gaming mouse. The six programmable buttons allow customization for a smooth playing experience",
        "image": "/images/mouse.jpg",
        "quantity": 7,
        "createdAt": "2024-05-15T16:23:40.166Z",
        "updatedAt": "2024-05-15T16:23:40.166Z",
        "__v": 0
      },
      {
        "_id": "6644e18c5586ec2f422f4b5c",
        "name": "Amazon Echo Dot 3rd Generation",
        "price": 29.99,
        "description": "Meet Echo Dot - Our most popular smart speaker with a fabric design. It is our most compact smart speaker that fits perfectly into small space",
        "image": "/images/alexa.jpg",
        "quantity": 0,
        "createdAt": "2024-05-15T16:23:40.166Z",
        "updatedAt": "2024-05-15T16:23:40.166Z",
        "__v": 0
      }
    ]
    ######################################################################################################################################################
    ######################################################################################################################################################
    2024-05-15T16:25:53.758Z - update Middleware - mustUpdate - action  **********************************************************************************
    ******************************************************************************************************************************************************
    Body   :  ********************************************************************************************************************************************
    getAll
    ######################################################################################################################################################
    ######################################################################################################################################################
    2024-05-15T16:25:53.758Z - fieldsFilterMiddleware.filterObjects  *************************************************************************************
    ******************************************************************************************************************************************************
    Body   :  ********************************************************************************************************************************************
    {
      "data": [
        {
          "_id": "6644e18c5586ec2f422f4b57",
          "name": "AirPods Wireless Bluetooth Headphones",
          "price": 89.99,
          "description": "Bluetooth technology lets you connect it with compatible devices wirelessly High-quality AAC audio offers an immersive listening experience Built-in microphone allows you to take calls while working",
          "image": "/images/airpods.jpg",
          "quantity": 10,
          "createdAt": "2024-05-15T16:23:40.160Z",
          "updatedAt": "2024-05-15T16:23:40.160Z",
          "__v": 0
        },
        {
          "_id": "6644e18c5586ec2f422f4b58",
          "name": "iPhone 11 Pro 256GB Memory",
          "price": 599.99,
          "description": "Introducing the iPhone 11 Pro. A transformative triple-camera system that adds tons of capability without complexity. An unprecedented leap in battery life",
          "image": "/images/phone.jpg",
          "quantity": 7,
          "createdAt": "2024-05-15T16:23:40.164Z",
          "updatedAt": "2024-05-15T16:23:40.164Z",
          "__v": 0
        },
        {
          "_id": "6644e18c5586ec2f422f4b59",
          "name": "Cannon EOS 80D DSLR Camera",
          "price": 929.99,
          "description": "Characterized by versatile imaging specs, the Canon EOS 80D further clarifies itself using a pair of robust focusing systems and an intuitive design",
          "image": "/images/camera.jpg",
          "quantity": 5,
          "createdAt": "2024-05-15T16:23:40.164Z",
          "updatedAt": "2024-05-15T16:23:40.164Z",
          "__v": 0
        },
        {
          "_id": "6644e18c5586ec2f422f4b5a",
          "name": "Sony Playstation 4 Pro White Version",
          "price": 399.99,
          "description": "The ultimate home entertainment center starts with PlayStation. Whether you are into gaming, HD movies, television, music",
          "image": "/images/playstation.jpg",
          "quantity": 11,
          "createdAt": "2024-05-15T16:23:40.165Z",
          "updatedAt": "2024-05-15T16:23:40.165Z",
          "__v": 0
        },
        {
          "_id": "6644e18c5586ec2f422f4b5b",
          "name": "Logitech G-Series Gaming Mouse",
          "price": 49.99,
          "description": "Get a better handle on your games with this Logitech LIGHTSYNC gaming mouse. The six programmable buttons allow customization for a smooth playing experience",
          "image": "/images/mouse.jpg",
          "quantity": 7,
          "createdAt": "2024-05-15T16:23:40.166Z",
          "updatedAt": "2024-05-15T16:23:40.166Z",
          "__v": 0
        },
        {
          "_id": "6644e18c5586ec2f422f4b5c",
          "name": "Amazon Echo Dot 3rd Generation",
          "price": 29.99,
          "description": "Meet Echo Dot - Our most popular smart speaker with a fabric design. It is our most compact smart speaker that fits perfectly into small space",
          "image": "/images/alexa.jpg",
          "quantity": 0,
          "createdAt": "2024-05-15T16:23:40.166Z",
          "updatedAt": "2024-05-15T16:23:40.166Z",
          "__v": 0
        }
      ],
      "fields": [
        "_id",
        "name",
        "price",
        "description",
        "image",
        "quantity",
        "createdAt",
        "updatedAt"
      ],
      "output": [
        {
          "_id": "6644e18c5586ec2f422f4b57",
          "name": "AirPods Wireless Bluetooth Headphones",
          "price": 89.99,
          "description": "Bluetooth technology lets you connect it with compatible devices wirelessly High-quality AAC audio offers an immersive listening experience Built-in microphone allows you to take calls while working",
          "image": "/images/airpods.jpg",
          "quantity": 10,
          "createdAt": "2024-05-15T16:23:40.160Z",
          "updatedAt": "2024-05-15T16:23:40.160Z"
        },
        {
          "_id": "6644e18c5586ec2f422f4b58",
          "name": "iPhone 11 Pro 256GB Memory",
          "price": 599.99,
          "description": "Introducing the iPhone 11 Pro. A transformative triple-camera system that adds tons of capability without complexity. An unprecedented leap in battery life",
          "image": "/images/phone.jpg",
          "quantity": 7,
          "createdAt": "2024-05-15T16:23:40.164Z",
          "updatedAt": "2024-05-15T16:23:40.164Z"
        },
        {
          "_id": "6644e18c5586ec2f422f4b59",
          "name": "Cannon EOS 80D DSLR Camera",
          "price": 929.99,
          "description": "Characterized by versatile imaging specs, the Canon EOS 80D further clarifies itself using a pair of robust focusing systems and an intuitive design",
          "image": "/images/camera.jpg",
          "quantity": 5,
          "createdAt": "2024-05-15T16:23:40.164Z",
          "updatedAt": "2024-05-15T16:23:40.164Z"
        },
        {
          "_id": "6644e18c5586ec2f422f4b5a",
          "name": "Sony Playstation 4 Pro White Version",
          "price": 399.99,
          "description": "The ultimate home entertainment center starts with PlayStation. Whether you are into gaming, HD movies, television, music",
          "image": "/images/playstation.jpg",
          "quantity": 11,
          "createdAt": "2024-05-15T16:23:40.165Z",
          "updatedAt": "2024-05-15T16:23:40.165Z"
        },
        {
          "_id": "6644e18c5586ec2f422f4b5b",
          "name": "Logitech G-Series Gaming Mouse",
          "price": 49.99,
          "description": "Get a better handle on your games with this Logitech LIGHTSYNC gaming mouse. The six programmable buttons allow customization for a smooth playing experience",
          "image": "/images/mouse.jpg",
          "quantity": 7,
          "createdAt": "2024-05-15T16:23:40.166Z",
          "updatedAt": "2024-05-15T16:23:40.166Z"
        },
        {
          "_id": "6644e18c5586ec2f422f4b5c",
          "name": "Amazon Echo Dot 3rd Generation",
          "price": 29.99,
          "description": "Meet Echo Dot - Our most popular smart speaker with a fabric design. It is our most compact smart speaker that fits perfectly into small space",
          "image": "/images/alexa.jpg",
          "quantity": 0,
          "createdAt": "2024-05-15T16:23:40.166Z",
          "updatedAt": "2024-05-15T16:23:40.166Z"
        }
      ]
    }
    ######################################################################################################################################################
    ######################################################################################################################################################
    2024-05-15T16:25:59.085Z - filter  *******************************************************************************************************************
    ******************************************************************************************************************************************************
    Body   :  ********************************************************************************************************************************************
    {
      "input": {
        "0": {
          "_id": "6644ccc682078c185c02dec3",
          "role": "admin",
          "iat": 1715790215,
          "exp": 1715793815
        },
        "1": [
          "_id",
          "email",
          "role",
          "fullname"
        ]
      },
      "output": {
        "_id": "6644ccc682078c185c02dec3",
        "role": "admin"
      }
    }
    ######################################################################################################################################################
    ######################################################################################################################################################
    2024-05-15T16:25:59.088Z - getIdFromPath  ************************************************************************************************************
    ******************************************************************************************************************************************************
    Body   :  ********************************************************************************************************************************************
    {
      "input": {
        "0": "/v1/products/"
      },
      "output": null
    }
    ######################################################################################################################################################
    ######################################################################################################################################################
    2024-05-15T16:25:59.089Z - isVersionGiven  ***********************************************************************************************************
    ******************************************************************************************************************************************************
    Body   :  ********************************************************************************************************************************************
    {
      "input": {
        "0": "/v1/products/"
      },
      "output": true
    }
    ######################################################################################################################################################
    ######################################################################################################################################################
    2024-05-15T16:25:59.089Z - isVersionGiven  ***********************************************************************************************************
    ******************************************************************************************************************************************************
    Body   :  ********************************************************************************************************************************************
    {
      "input": {
        "0": "/v1/products/"
      },
      "output": true
    }
    ######################################################################################################################################################
    ######################################################################################################################################################
    2024-05-15T16:25:59.089Z - getActionFromPath  ********************************************************************************************************
    ******************************************************************************************************************************************************
    Body   :  ********************************************************************************************************************************************
    {
      "input": {
        "0": "/v1/products/"
      },
      "output": null
    }
    ######################################################################################################################################################
    ######################################################################################################################################################
    2024-05-15T16:25:59.090Z - getResourceFromPath  ******************************************************************************************************
    ******************************************************************************************************************************************************
    Body   :  ********************************************************************************************************************************************
    {
      "input": {
        "0": "/v1/products/"
      },
      "output": "products"
    }
    ######################################################################################################################################################
    ######################################################################################################################################################
    2024-05-15T16:25:59.095Z - getSmartApiAction  ********************************************************************************************************
    ******************************************************************************************************************************************************
    Body   :  ********************************************************************************************************************************************
    {
      "input": {
        "0": "GET",
        "1": null,
        "3": {
          "export": "true"
        },
        "4": {}
      },
      "output": "getAll"
    }
    ######################################################################################################################################################
    ######################################################################################################################################################
    2024-05-15T16:25:59.095Z - getReqIds  ****************************************************************************************************************
    ******************************************************************************************************************************************************
    Body   :  ********************************************************************************************************************************************
    {
      "input": {},
      "output": null
    }
    ######################################################################################################################################################
    ######################################################################################################################################################
    2024-05-15T16:25:59.094Z - getActionMode  ************************************************************************************************************
    ******************************************************************************************************************************************************
    Body   :  ********************************************************************************************************************************************
    {
      "input": {},
      "output": "All"
    }
    ######################################################################################################################################################
    ######################################################################################################################################################
    2024-05-15T16:25:59.096Z - getReqParams  *************************************************************************************************************
    ******************************************************************************************************************************************************
    Body   :  ********************************************************************************************************************************************
    {
      "input": {
        "0": "GET",
        "1": "/v1/products/",
        "2": {
          "export": "true"
        },
        "3": {}
      },
      "output": {
        "action": "getAll",
        "ressourceName": "products",
        "isExmode": true,
        "format": "excel"
      }
    }
    ######################################################################################################################################################
    ######################################################################################################################################################
    2024-05-15T16:25:59.096Z - getReqQuery  **************************************************************************************************************
    ******************************************************************************************************************************************************
    Body   :  ********************************************************************************************************************************************
    {
      "input": {}
    }
    ######################################################################################################################################################
    ######################################################################################################################################################
    2024-05-15T16:25:59.099Z - Config middleware: config:  ***********************************************************************************************
    ******************************************************************************************************************************************************
    Body   :  ********************************************************************************************************************************************
    {
      "enabled": true,
      "allowedFields": [
        "_id",
        "name",
        "price",
        "description",
        "image",
        "quantity",
        "createdAt",
        "updatedAt"
      ]
    }
    ######################################################################################################################################################
    ######################################################################################################################################################
    2024-05-15T16:25:59.100Z - getFetchQuery  ************************************************************************************************************
    ******************************************************************************************************************************************************
    Body   :  ********************************************************************************************************************************************
    {
      "user": {
        "_id": "6644ccc682078c185c02dec3",
        "role": "admin"
      },
      "params": {
        "action": "getAll",
        "ressourceName": "products",
        "isExmode": true,
        "format": "excel"
      },
      "output": {}
    }
    ######################################################################################################################################################
    ######################################################################################################################################################
    2024-05-15T16:25:59.096Z - reqMiddleware: req.smartApi.params:  **************************************************************************************
    ******************************************************************************************************************************************************
    Body   :  ********************************************************************************************************************************************
    {
      "action": "getAll",
      "ressourceName": "products",
      "isExmode": true,
      "format": "excel"
    }
    ######################################################################################################################################################
    ######################################################################################################################################################
    2024-05-15T16:25:59.255Z - fetchMiddleware: req.smartApi.dbData:  ************************************************************************************
    ******************************************************************************************************************************************************
    Body   :  ********************************************************************************************************************************************
    [
      {
        "_id": "6644e18c5586ec2f422f4b57",
        "name": "AirPods Wireless Bluetooth Headphones",
        "price": 89.99,
        "description": "Bluetooth technology lets you connect it with compatible devices wirelessly High-quality AAC audio offers an immersive listening experience Built-in microphone allows you to take calls while working",
        "image": "/images/airpods.jpg",
        "quantity": 10,
        "createdAt": "2024-05-15T16:23:40.160Z",
        "updatedAt": "2024-05-15T16:23:40.160Z",
        "__v": 0
      },
      {
        "_id": "6644e18c5586ec2f422f4b58",
        "name": "iPhone 11 Pro 256GB Memory",
        "price": 599.99,
        "description": "Introducing the iPhone 11 Pro. A transformative triple-camera system that adds tons of capability without complexity. An unprecedented leap in battery life",
        "image": "/images/phone.jpg",
        "quantity": 7,
        "createdAt": "2024-05-15T16:23:40.164Z",
        "updatedAt": "2024-05-15T16:23:40.164Z",
        "__v": 0
      },
      {
        "_id": "6644e18c5586ec2f422f4b59",
        "name": "Cannon EOS 80D DSLR Camera",
        "price": 929.99,
        "description": "Characterized by versatile imaging specs, the Canon EOS 80D further clarifies itself using a pair of robust focusing systems and an intuitive design",
        "image": "/images/camera.jpg",
        "quantity": 5,
        "createdAt": "2024-05-15T16:23:40.164Z",
        "updatedAt": "2024-05-15T16:23:40.164Z",
        "__v": 0
      },
      {
        "_id": "6644e18c5586ec2f422f4b5a",
        "name": "Sony Playstation 4 Pro White Version",
        "price": 399.99,
        "description": "The ultimate home entertainment center starts with PlayStation. Whether you are into gaming, HD movies, television, music",
        "image": "/images/playstation.jpg",
        "quantity": 11,
        "createdAt": "2024-05-15T16:23:40.165Z",
        "updatedAt": "2024-05-15T16:23:40.165Z",
        "__v": 0
      },
      {
        "_id": "6644e18c5586ec2f422f4b5b",
        "name": "Logitech G-Series Gaming Mouse",
        "price": 49.99,
        "description": "Get a better handle on your games with this Logitech LIGHTSYNC gaming mouse. The six programmable buttons allow customization for a smooth playing experience",
        "image": "/images/mouse.jpg",
        "quantity": 7,
        "createdAt": "2024-05-15T16:23:40.166Z",
        "updatedAt": "2024-05-15T16:23:40.166Z",
        "__v": 0
      },
      {
        "_id": "6644e18c5586ec2f422f4b5c",
        "name": "Amazon Echo Dot 3rd Generation",
        "price": 29.99,
        "description": "Meet Echo Dot - Our most popular smart speaker with a fabric design. It is our most compact smart speaker that fits perfectly into small space",
        "image": "/images/alexa.jpg",
        "quantity": 0,
        "createdAt": "2024-05-15T16:23:40.166Z",
        "updatedAt": "2024-05-15T16:23:40.166Z",
        "__v": 0
      }
    ]
    ######################################################################################################################################################
    ######################################################################################################################################################
    2024-05-15T16:25:59.262Z - fieldsFilterMiddleware.filterObjects  *************************************************************************************
    ******************************************************************************************************************************************************
    Body   :  ********************************************************************************************************************************************
    {
      "data": [
        {
          "_id": "6644e18c5586ec2f422f4b57",
          "name": "AirPods Wireless Bluetooth Headphones",
          "price": 89.99,
          "description": "Bluetooth technology lets you connect it with compatible devices wirelessly High-quality AAC audio offers an immersive listening experience Built-in microphone allows you to take calls while working",
          "image": "/images/airpods.jpg",
          "quantity": 10,
          "createdAt": "2024-05-15T16:23:40.160Z",
          "updatedAt": "2024-05-15T16:23:40.160Z",
          "__v": 0
        },
        {
          "_id": "6644e18c5586ec2f422f4b58",
          "name": "iPhone 11 Pro 256GB Memory",
          "price": 599.99,
          "description": "Introducing the iPhone 11 Pro. A transformative triple-camera system that adds tons of capability without complexity. An unprecedented leap in battery life",
          "image": "/images/phone.jpg",
          "quantity": 7,
          "createdAt": "2024-05-15T16:23:40.164Z",
          "updatedAt": "2024-05-15T16:23:40.164Z",
          "__v": 0
        },
        {
          "_id": "6644e18c5586ec2f422f4b59",
          "name": "Cannon EOS 80D DSLR Camera",
          "price": 929.99,
          "description": "Characterized by versatile imaging specs, the Canon EOS 80D further clarifies itself using a pair of robust focusing systems and an intuitive design",
          "image": "/images/camera.jpg",
          "quantity": 5,
          "createdAt": "2024-05-15T16:23:40.164Z",
          "updatedAt": "2024-05-15T16:23:40.164Z",
          "__v": 0
        },
        {
          "_id": "6644e18c5586ec2f422f4b5a",
          "name": "Sony Playstation 4 Pro White Version",
          "price": 399.99,
          "description": "The ultimate home entertainment center starts with PlayStation. Whether you are into gaming, HD movies, television, music",
          "image": "/images/playstation.jpg",
          "quantity": 11,
          "createdAt": "2024-05-15T16:23:40.165Z",
          "updatedAt": "2024-05-15T16:23:40.165Z",
          "__v": 0
        },
        {
          "_id": "6644e18c5586ec2f422f4b5b",
          "name": "Logitech G-Series Gaming Mouse",
          "price": 49.99,
          "description": "Get a better handle on your games with this Logitech LIGHTSYNC gaming mouse. The six programmable buttons allow customization for a smooth playing experience",
          "image": "/images/mouse.jpg",
          "quantity": 7,
          "createdAt": "2024-05-15T16:23:40.166Z",
          "updatedAt": "2024-05-15T16:23:40.166Z",
          "__v": 0
        },
        {
          "_id": "6644e18c5586ec2f422f4b5c",
          "name": "Amazon Echo Dot 3rd Generation",
          "price": 29.99,
          "description": "Meet Echo Dot - Our most popular smart speaker with a fabric design. It is our most compact smart speaker that fits perfectly into small space",
          "image": "/images/alexa.jpg",
          "quantity": 0,
          "createdAt": "2024-05-15T16:23:40.166Z",
          "updatedAt": "2024-05-15T16:23:40.166Z",
          "__v": 0
        }
      ],
      "fields": [
        "_id",
        "name",
        "price",
        "description",
        "image",
        "quantity",
        "createdAt",
        "updatedAt"
      ],
      "output": [
        {
          "_id": "6644e18c5586ec2f422f4b57",
          "name": "AirPods Wireless Bluetooth Headphones",
          "price": 89.99,
          "description": "Bluetooth technology lets you connect it with compatible devices wirelessly High-quality AAC audio offers an immersive listening experience Built-in microphone allows you to take calls while working",
          "image": "/images/airpods.jpg",
          "quantity": 10,
          "createdAt": "2024-05-15T16:23:40.160Z",
          "updatedAt": "2024-05-15T16:23:40.160Z"
        },
        {
          "_id": "6644e18c5586ec2f422f4b58",
          "name": "iPhone 11 Pro 256GB Memory",
          "price": 599.99,
          "description": "Introducing the iPhone 11 Pro. A transformative triple-camera system that adds tons of capability without complexity. An unprecedented leap in battery life",
          "image": "/images/phone.jpg",
          "quantity": 7,
          "createdAt": "2024-05-15T16:23:40.164Z",
          "updatedAt": "2024-05-15T16:23:40.164Z"
        },
        {
          "_id": "6644e18c5586ec2f422f4b59",
          "name": "Cannon EOS 80D DSLR Camera",
          "price": 929.99,
          "description": "Characterized by versatile imaging specs, the Canon EOS 80D further clarifies itself using a pair of robust focusing systems and an intuitive design",
          "image": "/images/camera.jpg",
          "quantity": 5,
          "createdAt": "2024-05-15T16:23:40.164Z",
          "updatedAt": "2024-05-15T16:23:40.164Z"
        },
        {
          "_id": "6644e18c5586ec2f422f4b5a",
          "name": "Sony Playstation 4 Pro White Version",
          "price": 399.99,
          "description": "The ultimate home entertainment center starts with PlayStation. Whether you are into gaming, HD movies, television, music",
          "image": "/images/playstation.jpg",
          "quantity": 11,
          "createdAt": "2024-05-15T16:23:40.165Z",
          "updatedAt": "2024-05-15T16:23:40.165Z"
        },
        {
          "_id": "6644e18c5586ec2f422f4b5b",
          "name": "Logitech G-Series Gaming Mouse",
          "price": 49.99,
          "description": "Get a better handle on your games with this Logitech LIGHTSYNC gaming mouse. The six programmable buttons allow customization for a smooth playing experience",
          "image": "/images/mouse.jpg",
          "quantity": 7,
          "createdAt": "2024-05-15T16:23:40.166Z",
          "updatedAt": "2024-05-15T16:23:40.166Z"
        },
        {
          "_id": "6644e18c5586ec2f422f4b5c",
          "name": "Amazon Echo Dot 3rd Generation",
          "price": 29.99,
          "description": "Meet Echo Dot - Our most popular smart speaker with a fabric design. It is our most compact smart speaker that fits perfectly into small space",
          "image": "/images/alexa.jpg",
          "quantity": 0,
          "createdAt": "2024-05-15T16:23:40.166Z",
          "updatedAt": "2024-05-15T16:23:40.166Z"
        }
      ]
    }
    ######################################################################################################################################################
    ######################################################################################################################################################
    2024-05-15T16:25:59.261Z - update Middleware - mustUpdate - action  **********************************************************************************
    ******************************************************************************************************************************************************
    Body   :  ********************************************************************************************************************************************
    getAll
    ######################################################################################################################################################
    